<?xml version="1.0" encoding="UTF-8"?>
<!-- Generated by org.testng.reporters.JUnitXMLReporter -->
<testsuite ignored="0" hostname="DESKTOP-S1JVQOI" failures="1" tests="4" name="Test" time="51.495" errors="0" timestamp="2020-01-29T16:40:27 MST">
  <testcase classname="testScripts.HomePageTest" name="testSearchProductType" time="2.326"/>
  <testcase classname="testScripts.SearchProductTest" name="specificProductSearchTest" time="3.152"/>
  <testcase classname="testScripts.AddProductToTheCartTest" name="testAddToCartFunctionality" time="4.283"/>
  <testcase classname="testScripts.ClearShoppingCartTest" name="clearShoppingCart" time="1.276">
    <failure type="java.lang.AssertionError" message="Cart item is not present in the cart did not expect to find [true] but found [false]">
      <![CDATA[java.lang.AssertionError: Cart item is not present in the cart did not expect to find [true] but found [false]
at testScripts.ClearShoppingCartTest.clearShoppingCart(ClearShoppingCartTest.java:64)
at java.base/java.util.ArrayList.forEach(ArrayList.java:1507)
... Removed 30 stack frames]]>
    </failure>
  </testcase> <!-- clearShoppingCart -->
</testsuite> <!-- Test -->
